0 info it worked if it ends with ok
1 verbose cli [ '/usr/bin/nodejs', '/usr/local/bin/npm', 'run', 'cover' ]
2 info using npm@4.1.2
3 info using node@v6.9.5
4 verbose run-script [ 'precover', 'cover', 'postcover' ]
5 info lifecycle chapter2@0.0.0~precover: chapter2@0.0.0
6 silly lifecycle chapter2@0.0.0~precover: no script for precover, continuing
7 info lifecycle chapter2@0.0.0~cover: chapter2@0.0.0
8 verbose lifecycle chapter2@0.0.0~cover: unsafe-perm in lifecycle true
9 verbose lifecycle chapter2@0.0.0~cover: PATH: /usr/local/lib/node_modules/npm/bin/node-gyp-bin:/home/lighto/Desktop/Dirassa/architectures Logicielles/node-express/node_modules/.bin:/home/lighto/bin:/home/lighto/.local/bin:/usr/local/sbin:/usr/local/bin:/usr/sbin:/usr/bin:/sbin:/bin:/usr/games:/usr/local/games:/snap/bin:/home/lighto/Documents/idea-IU-163.7743.44/bin
10 verbose lifecycle chapter2@0.0.0~cover: CWD: /home/lighto/Desktop/Dirassa/architectures Logicielles/node-express
11 silly lifecycle chapter2@0.0.0~cover: Args: [ '-c',
11 silly lifecycle   'istanbul test ./node_modules/mocha/bin/_mocha -- --recursive -R spec' ]
12 silly lifecycle chapter2@0.0.0~cover: Returned: code: 13  signal: null
13 info lifecycle chapter2@0.0.0~cover: Failed to exec cover script
14 verbose stack Error: chapter2@0.0.0 cover: `istanbul test ./node_modules/mocha/bin/_mocha -- --recursive -R spec`
14 verbose stack Exit status 13
14 verbose stack     at EventEmitter.<anonymous> (/usr/local/lib/node_modules/npm/lib/utils/lifecycle.js:279:16)
14 verbose stack     at emitTwo (events.js:106:13)
14 verbose stack     at EventEmitter.emit (events.js:191:7)
14 verbose stack     at ChildProcess.<anonymous> (/usr/local/lib/node_modules/npm/lib/utils/spawn.js:40:14)
14 verbose stack     at emitTwo (events.js:106:13)
14 verbose stack     at ChildProcess.emit (events.js:191:7)
14 verbose stack     at maybeClose (internal/child_process.js:877:16)
14 verbose stack     at Process.ChildProcess._handle.onexit (internal/child_process.js:226:5)
15 verbose pkgid chapter2@0.0.0
16 verbose cwd /home/lighto/Desktop/Dirassa/architectures Logicielles/node-express
17 error Linux 4.4.0-64-generic
18 error argv "/usr/bin/nodejs" "/usr/local/bin/npm" "run" "cover"
19 error node v6.9.5
20 error npm  v4.1.2
21 error code ELIFECYCLE
22 error chapter2@0.0.0 cover: `istanbul test ./node_modules/mocha/bin/_mocha -- --recursive -R spec`
22 error Exit status 13
23 error Failed at the chapter2@0.0.0 cover script 'istanbul test ./node_modules/mocha/bin/_mocha -- --recursive -R spec'.
23 error Make sure you have the latest version of node.js and npm installed.
23 error If you do, this is most likely a problem with the chapter2 package,
23 error not with npm itself.
23 error Tell the author that this fails on your system:
23 error     istanbul test ./node_modules/mocha/bin/_mocha -- --recursive -R spec
23 error You can get information on how to open an issue for this project with:
23 error     npm bugs chapter2
23 error Or if that isn't available, you can get their info via:
23 error     npm owner ls chapter2
23 error There is likely additional logging output above.
24 verbose exit [ 1, true ]
